1.1
5
[-5.0, -3.0, -1.0, 1.0, 3.0, 5.0]
[0.038461538461538464, 0.1, 0.5, 0.5, 0.1, 0.038461538461538464]
0.75 0.528973858173077
1.75 0.3733248197115384
2.75 0.15373347355769232
3.75 -0.025954026442307696
4.75 -0.015737680288461536
None
10
[-5.0, -4.0, -3.0, -2.0, -1.0, 0.0, 1.0, 2.0, 3.0, 4.0, 5.0]
[0.038461538461538464, 0.058823529411764705, 0.1, 0.2, 0.5, 1.0, 0.5, 0.2, 0.1, 0.058823529411764705, 0.038461538461538464]
0.75 0.6789895772933959
1.75 0.1905804667537568
2.75 0.21559187891256765
3.75 -0.23146174989674448
4.75 1.9236311497192042
None
20
[-5.0, -4.5, -4.0, -3.5, -3.0, -2.5, -2.0, -1.5, -1.0, -0.5, 0.0, 0.5, 1.0, 1.5, 2.0, 2.5, 3.0, 3.5, 4.0, 4.5, 5.0]
[0.038461538461538464, 0.047058823529411764, 0.058823529411764705, 0.07547169811320754, 0.1, 0.13793103448275862, 0.2, 0.3076923076923077, 0.5, 0.8, 1.0, 0.8, 0.5, 0.3076923076923077, 0.2, 0.13793103448275862, 0.1, 0.07547169811320754, 0.058823529411764705, 0.047058823529411764, 0.038461538461538464]
0.75 0.6367553359164334
1.75 0.23844593373813291
2.75 0.08065999342165547
3.75 -0.4470519607088335
4.75 -39.95244903304179
None

1.2
5
[-1.0, -0.6, -0.19999999999999996, 0.20000000000000018, 0.6000000000000001, 1.0]
[0.3678794411713131, 0.5488116360939108, 0.8187307530779244, 1.2214027581602558, 1.822118800390893, 2.71828182846]
-0.95 0.3867981588578645
-0.05 0.9512483333804299
0.05 1.051290275808496
0.95 2.585784550985477
None
10
[-1.0, -0.8, -0.6, -0.3999999999999999, -0.19999999999999996, 0.0, 0.20000000000000018, 0.40000000000000013, 0.6000000000000001, 0.8, 1.0]
[0.3678794411713131, 0.44932896411709533, 0.5488116360939108, 0.6703200460355452, 0.8187307530779244, 1.0, 1.2214027581602558, 1.4918246976414802, 1.822118800390893, 2.225540928493093, 2.71828182846]
-0.95 0.38674102325554655
-0.05 0.9512294244989987
0.05 1.0512710963777556
0.95 2.5857096595496243
None
20
[-1.0, -0.9, -0.8, -0.7, -0.6, -0.5, -0.3999999999999999, -0.29999999999999993, -0.19999999999999996, -0.09999999999999998, 0.0, 0.10000000000000009, 0.20000000000000018, 0.30000000000000004, 0.40000000000000013, 0.5, 0.6000000000000001, 0.7000000000000002, 0.8, 0.9000000000000001, 1.0]
[0.3678794411713131, 0.4065696597404706, 0.44932896411709533, 0.49658530379128746, 0.5488116360939108, 0.606530659712527, 0.6703200460355452, 0.7408182206816398, 0.8187307530779244, 0.9048374180359278, 1.0, 1.1051709180756866, 1.2214027581602558, 1.3498588075761453, 1.4918246976414802, 1.6487212707004177, 1.822118800390893, 2.013752707470972, 2.225540928493093, 2.4596031111577275, 2.71828182846]
-0.95 0.3867410234539733
-0.05 0.9512294245006976
0.05 1.0512710963760423
0.95 2.58570965931714
None