2405396
774
6580359
123072355
23911236
21860646
339169
174454
257347516
8007282
132
479141702
56015740
94302398
332604022
135058618
25528827
121534615
42081614
182521350
26586636
1011647
210075
12769738
8583071
112340
407180463
6617
164300655
38860837
15642371
3078272
18224053
17511795
25650924
21928
129989409
361139997
214727619
187683623
342681230
16229592
18892410
346371812
83081164
146281501
151487664
99747943
33104941
18886823
78690861
6280588
75
127442269
222297744
160557462
301428124
10234684
382971075
39487279
35424533
413513
16967054
349099842
73374938
129041392
207243102
777824
31744055
293901508
346120568
16719893
402362747
36171815
40571633
83964049
212936824
3217989
167688081
118894665
159689700
45698039
2045724
39330898
111405427
45449824
9550757
186014624
3755558
97384202
167264423
15281418
2930657
695
1595794
29458309
90813349
2277407
42528537
53604597
